<?xml version="1.0" encoding="UTF-8"?>
<!-- Generated by org.testng.reporters.JUnitReportReporter -->
<testsuite hostname="CTNL0025" failures="0" tests="1" name="com.migo.android.tests.MF1.Migo_MF1" time="60.185" errors="0" timestamp="4 Oct 2019 12:27:51 GMT">
  <testcase classname="com.migo.android.tests.MF1.Migo_MF1" name="MF1_001" time="60.185"/>
</testsuite> <!-- com.migo.android.tests.MF1.Migo_MF1 -->
