<?xml version="1.0" encoding="UTF-8"?>
<!-- Generated by org.testng.reporters.JUnitReportReporter -->
<testsuite hostname="CTNL0025" failures="0" tests="1" name="com.migo.android.tests.MF2.Migo_MF2" time="75.565" errors="0" timestamp="4 Oct 2019 12:27:51 GMT">
  <testcase classname="com.migo.android.tests.MF2.Migo_MF2" name="MF2_001" time="75.565"/>
</testsuite> <!-- com.migo.android.tests.MF2.Migo_MF2 -->
